

     *****************************************************************
     *               FLUENT/CHEMKIN-CFD Release 20102                *
     *                       CHEM Application                        *
     *                GAS-PHASE MECHANISM INTERPRETER                *
     *                 Copyright(c) 2024 ANSYS, Inc.                 *                
     *Run Date and Time: Mar 11, 2025   10:59:20     180 min from UTC*
     *****************************************************************



LICENSE INFORMATION: 
 

LicNum: unknown                                                                                                                                                                                                                                                                                                                                                                                                                                                                                                                 

                WORKING SPACE REQUIREMENTS
                 PROVIDED        REQUIRED 
 LOGICAL               36             36
 INTEGER            16697          16697
 REAL               21704          21704
 CHARACTER           2272           2272

This problem requires      0.166MB of memory for the REAL array.
                          --------------------
                          ELEMENTS     ATOMIC
                          CONSIDERED   WEIGHT
                          --------------------
                           1. O       15.9994    
                           2. H       1.00797    
                           3. C       12.0112    
                           4. N       14.0067    
                           5. AR      39.9480    
                          --------------------
 -------------------------------------------------------------------------------
                            C
                         P  H
                         H  A
                         A  R
 SPECIES                 S  G  MOLECULAR  TEMPERATURE  ELEMENT COUNT
 CONSIDERED              E  E  WEIGHT     LOW    HIGH          O         H         C         N         AR
 -------------------------------------------------------------------------------
     1. H2               G  0 2.0159E+00   200   3500          0         2         0         0         0
     2. H                G  0 1.0080E+00   200   3500          0         1         0         0         0
     3. O                G  0 1.5999E+01   200   3500          1         0         0         0         0
     4. O2               G  0 3.1999E+01   200   3500          2         0         0         0         0
     5. OH               G  0 1.7007E+01   200   3500          1         1         0         0         0
     6. H2O              G  0 1.8015E+01   200   3500          1         2         0         0         0
     7. HO2              G  0 3.3007E+01   200   3500          2         1         0         0         0
     8. H2O2             G  0 3.4015E+01   200   3500          2         2         0         0         0
     9. C                G  0 1.2011E+01   200   3500          0         0         1         0         0
    10. CH               G  0 1.3019E+01   200   3500          0         1         1         0         0
    11. CH2              G  0 1.4027E+01   200   3500          0         2         1         0         0
    12. CH2(S)           G  0 1.4027E+01   200   3500          0         2         1         0         0
    13. CH3              G  0 1.5035E+01   200   3500          0         3         1         0         0
    14. CH4              G  0 1.6043E+01   200   3500          0         4         1         0         0
    15. CO               G  0 2.8011E+01   200   3500          1         0         1         0         0
    16. CO2              G  0 4.4010E+01   200   3500          2         0         1         0         0
    17. HCO              G  0 2.9019E+01   200   3500          1         1         1         0         0
    18. CH2O             G  0 3.0026E+01   200   3500          1         2         1         0         0
    19. CH2OH            G  0 3.1034E+01   200   3500          1         3         1         0         0
    20. CH3O             G  0 3.1034E+01   250   3000          1         3         1         0         0
    21. CH3OH            G  0 3.2042E+01   200   3500          1         4         1         0         0
    22. C2H              G  0 2.5030E+01   200   3500          0         1         2         0         0
    23. C2H2             G  0 2.6038E+01   200   3500          0         2         2         0         0
    24. C2H3             G  0 2.7046E+01   200   3500          0         3         2         0         0
    25. C2H4             G  0 2.8054E+01   200   3500          0         4         2         0         0
    26. C2H5             G  0 2.9062E+01   200   3500          0         5         2         0         0
    27. C2H6             G  0 3.0070E+01   200   3500          0         6         2         0         0
    28. HCCO             G  0 4.1030E+01   250   4000          1         1         2         0         0
    29. CH2CO            G  0 4.2038E+01   200   3500          1         2         2         0         0
    30. HCCOH            G  0 4.2038E+01   250   5000          1         2         2         0         0
    31. N2               G  0 2.8013E+01   250   5000          0         0         0         2         0
    32. AR               G  0 3.9948E+01   250   5000          0         0         0         0         1
    33. C3H7             G  0 4.3089E+01   250   5000          0         7         3         0         0
    34. C3H8             G  0 4.4097E+01   250   5000          0         8         3         0         0
    35. CH2CHO           G  0 4.3046E+01   250   5000          1         3         2         0         0
    36. CH3CHO           G  0 4.4054E+01   200   6000          1         4         2         0         0
 -------------------------------------------------------------------------------



                                                      (k = A T**b exp(-E/RT))
      REACTIONS CONSIDERED                              A        b        E

   1. 2O+M<=>O2+M                                    1.20E+17   -1.0        0.0
      H2              Enhanced by    2.400E+00
      H2O             Enhanced by    1.540E+01
      CH4             Enhanced by    2.000E+00
      CO              Enhanced by    1.750E+00
      CO2             Enhanced by    3.600E+00
      C2H6            Enhanced by    3.000E+00
      AR              Enhanced by    8.300E-01
   2. O+H+M<=>OH+M                                   5.00E+17   -1.0        0.0
      H2              Enhanced by    2.000E+00
      H2O             Enhanced by    6.000E+00
      CH4             Enhanced by    2.000E+00
      CO              Enhanced by    1.500E+00
      CO2             Enhanced by    2.000E+00
      C2H6            Enhanced by    3.000E+00
      AR              Enhanced by    7.000E-01
   3. O+H2<=>H+OH                                    3.87E+04    2.7     6260.0
   4. O+HO2<=>OH+O2                                  2.00E+13    0.0        0.0
   5. O+H2O2<=>OH+HO2                                9.63E+06    2.0     4000.0
   6. O+CH<=>H+CO                                    5.70E+13    0.0        0.0
   7. O+CH2<=>H+HCO                                  8.00E+13    0.0        0.0
   8. O+CH2(S)<=>H2+CO                               1.50E+13    0.0        0.0
   9. O+CH2(S)<=>H+HCO                               1.50E+13    0.0        0.0
  10. O+CH3<=>H+CH2O                                 5.06E+13    0.0        0.0
  11. O+CH4<=>OH+CH3                                 1.02E+09    1.5     8600.0
  12. O+CO(+M)<=>CO2(+M)                             1.80E+10    0.0     2385.0
      Low pressure limit:  0.60200E+15  0.00000E+00  0.30000E+04
      H2              Enhanced by    2.000E+00
      O2              Enhanced by    6.000E+00
      H2O             Enhanced by    6.000E+00
      CH4             Enhanced by    2.000E+00
      CO              Enhanced by    1.500E+00
      CO2             Enhanced by    3.500E+00
      C2H6            Enhanced by    3.000E+00
      AR              Enhanced by    5.000E-01
  13. O+HCO<=>OH+CO                                  3.00E+13    0.0        0.0
  14. O+HCO<=>H+CO2                                  3.00E+13    0.0        0.0
  15. O+CH2O<=>OH+HCO                                3.90E+13    0.0     3540.0
  16. O+CH2OH<=>OH+CH2O                              1.00E+13    0.0        0.0
  17. O+CH3O<=>OH+CH2O                               1.00E+13    0.0        0.0
  18. O+CH3OH<=>OH+CH2OH                             3.88E+05    2.5     3100.0
  19. O+CH3OH<=>OH+CH3O                              1.30E+05    2.5     5000.0
  20. O+C2H<=>CH+CO                                  5.00E+13    0.0        0.0
  21. O+C2H2<=>H+HCCO                                1.35E+07    2.0     1900.0
  22. O+C2H2<=>OH+C2H                                4.60E+19   -1.4    28950.0
  23. O+C2H2<=>CO+CH2                                6.94E+06    2.0     1900.0
  24. O+C2H3<=>H+CH2CO                               3.00E+13    0.0        0.0
  25. O+C2H4<=>CH3+HCO                               1.25E+07    1.8      220.0
  26. O+C2H5<=>CH3+CH2O                              2.24E+13    0.0        0.0
  27. O+C2H6<=>OH+C2H5                               8.98E+07    1.9     5690.0
  28. O+HCCO<=>H+2CO                                 1.00E+14    0.0        0.0
  29. O+CH2CO<=>OH+HCCO                              1.00E+13    0.0     8000.0
  30. O+CH2CO<=>CH2+CO2                              1.75E+12    0.0     1350.0
  31. O2+CO<=>O+CO2                                  2.50E+12    0.0    47800.0
  32. O2+CH2O<=>HO2+HCO                              1.00E+14    0.0    40000.0
  33. H+O2+M<=>HO2+M                                 2.80E+18   -0.9        0.0
      O2              Enhanced by    0.000E+00
      H2O             Enhanced by    0.000E+00
      CO              Enhanced by    7.500E-01
      CO2             Enhanced by    1.500E+00
      C2H6            Enhanced by    1.500E+00
      N2              Enhanced by    0.000E+00
      AR              Enhanced by    0.000E+00
  34. H+2O2<=>HO2+O2                                 2.08E+19   -1.2        0.0
  35. H+O2+H2O<=>HO2+H2O                             1.13E+19   -0.8        0.0
  36. H+O2+N2<=>HO2+N2                               2.60E+19   -1.2        0.0
  37. H+O2+AR<=>HO2+AR                               7.00E+17   -0.8        0.0
  38. H+O2<=>O+OH                                    2.65E+16   -0.7    17041.0
  39. 2H+M<=>H2+M                                    1.00E+18   -1.0        0.0
      H2              Enhanced by    0.000E+00
      H2O             Enhanced by    0.000E+00
      CH4             Enhanced by    2.000E+00
      CO2             Enhanced by    0.000E+00
      C2H6            Enhanced by    3.000E+00
      AR              Enhanced by    6.300E-01
  40. 2H+H2<=>2H2                                    9.00E+16   -0.6        0.0
  41. 2H+H2O<=>H2+H2O                                6.00E+19   -1.2        0.0
  42. 2H+CO2<=>H2+CO2                                5.50E+20   -2.0        0.0
  43. H+OH+M<=>H2O+M                                 2.20E+22   -2.0        0.0
      H2              Enhanced by    7.300E-01
      H2O             Enhanced by    3.650E+00
      CH4             Enhanced by    2.000E+00
      C2H6            Enhanced by    3.000E+00
      AR              Enhanced by    3.800E-01
  44. H+HO2<=>O+H2O                                  3.97E+12    0.0      671.0
  45. H+HO2<=>O2+H2                                  4.48E+13    0.0     1068.0
  46. H+HO2<=>2OH                                    8.40E+13    0.0      635.0
  47. H+H2O2<=>HO2+H2                                1.21E+07    2.0     5200.0
  48. H+H2O2<=>OH+H2O                                1.00E+13    0.0     3600.0
  49. H+CH<=>C+H2                                    1.65E+14    0.0        0.0
  50. H+CH2(+M)<=>CH3(+M)                            6.00E+14    0.0        0.0
      Low pressure limit:  0.10400E+27 -0.27600E+01  0.16000E+04
      TROE centering:      0.56200E+00  0.91000E+02  0.58360E+04  0.85520E+04
      H2              Enhanced by    2.000E+00
      H2O             Enhanced by    6.000E+00
      CH4             Enhanced by    2.000E+00
      CO              Enhanced by    1.500E+00
      CO2             Enhanced by    2.000E+00
      C2H6            Enhanced by    3.000E+00
      AR              Enhanced by    7.000E-01
  51. H+CH2(S)<=>CH+H2                               3.00E+13    0.0        0.0
  52. H+CH3(+M)<=>CH4(+M)                            1.39E+16   -0.5      536.0
      Low pressure limit:  0.26200E+34 -0.47600E+01  0.24400E+04
      TROE centering:      0.78300E+00  0.74000E+02  0.29410E+04  0.69640E+04
      H2              Enhanced by    2.000E+00
      H2O             Enhanced by    6.000E+00
      CH4             Enhanced by    3.000E+00
      CO              Enhanced by    1.500E+00
      CO2             Enhanced by    2.000E+00
      C2H6            Enhanced by    3.000E+00
      AR              Enhanced by    7.000E-01
  53. H+CH4<=>CH3+H2                                 6.60E+08    1.6    10840.0
  54. H+HCO(+M)<=>CH2O(+M)                           1.09E+12    0.5     -260.0
      Low pressure limit:  0.24700E+25 -0.25700E+01  0.42500E+03
      TROE centering:      0.78240E+00  0.27100E+03  0.27550E+04  0.65700E+04
      H2              Enhanced by    2.000E+00
      H2O             Enhanced by    6.000E+00
      CH4             Enhanced by    2.000E+00
      CO              Enhanced by    1.500E+00
      CO2             Enhanced by    2.000E+00
      C2H6            Enhanced by    3.000E+00
      AR              Enhanced by    7.000E-01
  55. H+HCO<=>H2+CO                                  7.34E+13    0.0        0.0
  56. H+CH2O(+M)<=>CH2OH(+M)                         5.40E+11    0.5     3600.0
      Low pressure limit:  0.12700E+33 -0.48200E+01  0.65300E+04
      TROE centering:      0.71870E+00  0.10300E+03  0.12910E+04  0.41600E+04
      H2              Enhanced by    2.000E+00
      H2O             Enhanced by    6.000E+00
      CH4             Enhanced by    2.000E+00
      CO              Enhanced by    1.500E+00
      CO2             Enhanced by    2.000E+00
      C2H6            Enhanced by    3.000E+00
  57. H+CH2O(+M)<=>CH3O(+M)                          5.40E+11    0.5     2600.0
      Low pressure limit:  0.22000E+31 -0.48000E+01  0.55600E+04
      TROE centering:      0.75800E+00  0.94000E+02  0.15550E+04  0.42000E+04
      H2              Enhanced by    2.000E+00
      H2O             Enhanced by    6.000E+00
      CH4             Enhanced by    2.000E+00
      CO              Enhanced by    1.500E+00
      CO2             Enhanced by    2.000E+00
      C2H6            Enhanced by    3.000E+00
  58. H+CH2O<=>HCO+H2                                5.74E+07    1.9     2742.0
  59. H+CH2OH(+M)<=>CH3OH(+M)                        1.06E+12    0.5       86.0
      Low pressure limit:  0.43600E+32 -0.46500E+01  0.50800E+04
      TROE centering:      0.60000E+00  0.10000E+03  0.90000E+05  0.10000E+05
      H2              Enhanced by    2.000E+00
      H2O             Enhanced by    6.000E+00
      CH4             Enhanced by    2.000E+00
      CO              Enhanced by    1.500E+00
      CO2             Enhanced by    2.000E+00
      C2H6            Enhanced by    3.000E+00
  60. H+CH2OH<=>H2+CH2O                              2.00E+13    0.0        0.0
  61. H+CH2OH<=>OH+CH3                               1.65E+11    0.7     -284.0
  62. H+CH2OH<=>CH2(S)+H2O                           3.28E+13   -0.1      610.0
  63. H+CH3O(+M)<=>CH3OH(+M)                         2.43E+12    0.5       50.0
      Low pressure limit:  0.46600E+42 -0.74400E+01  0.14080E+05
      TROE centering:      0.70000E+00  0.10000E+03  0.90000E+05  0.10000E+05
      H2              Enhanced by    2.000E+00
      H2O             Enhanced by    6.000E+00
      CH4             Enhanced by    2.000E+00
      CO              Enhanced by    1.500E+00
      CO2             Enhanced by    2.000E+00
      C2H6            Enhanced by    3.000E+00
  64. H+CH3O<=>H+CH2OH                               4.15E+07    1.6     1924.0
  65. H+CH3O<=>H2+CH2O                               2.00E+13    0.0        0.0
  66. H+CH3O<=>OH+CH3                                1.50E+12    0.5     -110.0
  67. H+CH3O<=>CH2(S)+H2O                            2.62E+14   -0.2     1070.0
  68. H+CH3OH<=>CH2OH+H2                             1.70E+07    2.1     4870.0
  69. H+CH3OH<=>CH3O+H2                              4.20E+06    2.1     4870.0
  70. H+C2H(+M)<=>C2H2(+M)                           1.00E+17   -1.0        0.0
      Low pressure limit:  0.37500E+34 -0.48000E+01  0.19000E+04
      TROE centering:      0.64640E+00  0.13200E+03  0.13150E+04  0.55660E+04
      H2              Enhanced by    2.000E+00
      H2O             Enhanced by    6.000E+00
      CH4             Enhanced by    2.000E+00
      CO              Enhanced by    1.500E+00
      CO2             Enhanced by    2.000E+00
      C2H6            Enhanced by    3.000E+00
      AR              Enhanced by    7.000E-01
  71. H+C2H2(+M)<=>C2H3(+M)                          5.60E+12    0.0     2400.0
      Low pressure limit:  0.38000E+41 -0.72700E+01  0.72200E+04
      TROE centering:      0.75070E+00  0.98500E+02  0.13020E+04  0.41670E+04
      H2              Enhanced by    2.000E+00
      H2O             Enhanced by    6.000E+00
      CH4             Enhanced by    2.000E+00
      CO              Enhanced by    1.500E+00
      CO2             Enhanced by    2.000E+00
      C2H6            Enhanced by    3.000E+00
      AR              Enhanced by    7.000E-01
  72. H+C2H3(+M)<=>C2H4(+M)                          6.08E+12    0.3      280.0
      Low pressure limit:  0.14000E+31 -0.38600E+01  0.33200E+04
      TROE centering:      0.78200E+00  0.20750E+03  0.26630E+04  0.60950E+04
      H2              Enhanced by    2.000E+00
      H2O             Enhanced by    6.000E+00
      CH4             Enhanced by    2.000E+00
      CO              Enhanced by    1.500E+00
      CO2             Enhanced by    2.000E+00
      C2H6            Enhanced by    3.000E+00
      AR              Enhanced by    7.000E-01
  73. H+C2H3<=>H2+C2H2                               3.00E+13    0.0        0.0
  74. H+C2H4(+M)<=>C2H5(+M)                          5.40E+11    0.5     1820.0
      Low pressure limit:  0.60000E+42 -0.76200E+01  0.69700E+04
      TROE centering:      0.97530E+00  0.21000E+03  0.98400E+03  0.43740E+04
      H2              Enhanced by    2.000E+00
      H2O             Enhanced by    6.000E+00
      CH4             Enhanced by    2.000E+00
      CO              Enhanced by    1.500E+00
      CO2             Enhanced by    2.000E+00
      C2H6            Enhanced by    3.000E+00
      AR              Enhanced by    7.000E-01
  75. H+C2H4<=>C2H3+H2                               1.32E+06    2.5    12240.0
  76. H+C2H5(+M)<=>C2H6(+M)                          5.21E+17   -1.0     1580.0
      Low pressure limit:  0.19900E+42 -0.70800E+01  0.66850E+04
      TROE centering:      0.84220E+00  0.12500E+03  0.22190E+04  0.68820E+04
      H2              Enhanced by    2.000E+00
      H2O             Enhanced by    6.000E+00
      CH4             Enhanced by    2.000E+00
      CO              Enhanced by    1.500E+00
      CO2             Enhanced by    2.000E+00
      C2H6            Enhanced by    3.000E+00
      AR              Enhanced by    7.000E-01
  77. H+C2H5<=>H2+C2H4                               2.00E+12    0.0        0.0
  78. H+C2H6<=>C2H5+H2                               1.15E+08    1.9     7530.0
  79. H+HCCO<=>CH2(S)+CO                             1.00E+14    0.0        0.0
  80. H+CH2CO<=>HCCO+H2                              5.00E+13    0.0     8000.0
  81. H+CH2CO<=>CH3+CO                               1.13E+13    0.0     3428.0
  82. H+HCCOH<=>H+CH2CO                              1.00E+13    0.0        0.0
  83. H2+CO(+M)<=>CH2O(+M)                           4.30E+07    1.5    79600.0
      Low pressure limit:  0.50700E+28 -0.34200E+01  0.84350E+05
      TROE centering:      0.93200E+00  0.19700E+03  0.15400E+04  0.10300E+05
      H2              Enhanced by    2.000E+00
      H2O             Enhanced by    6.000E+00
      CH4             Enhanced by    2.000E+00
      CO              Enhanced by    1.500E+00
      CO2             Enhanced by    2.000E+00
      C2H6            Enhanced by    3.000E+00
      AR              Enhanced by    7.000E-01
  84. OH+H2<=>H+H2O                                  2.16E+08    1.5     3430.0
  85. 2OH(+M)<=>H2O2(+M)                             7.40E+13   -0.4        0.0
      Low pressure limit:  0.23000E+19 -0.90000E+00 -0.17000E+04
      TROE centering:      0.73460E+00  0.94000E+02  0.17560E+04  0.51820E+04
      H2              Enhanced by    2.000E+00
      H2O             Enhanced by    6.000E+00
      CH4             Enhanced by    2.000E+00
      CO              Enhanced by    1.500E+00
      CO2             Enhanced by    2.000E+00
      C2H6            Enhanced by    3.000E+00
      AR              Enhanced by    7.000E-01
  86. 2OH<=>O+H2O                                    3.57E+04    2.4    -2110.0
  87. OH+HO2<=>O2+H2O                                1.45E+13    0.0     -500.0
      Declared duplicate reaction...
  88. OH+H2O2<=>HO2+H2O                              2.00E+12    0.0      427.0
      Declared duplicate reaction...
  89. OH+H2O2<=>HO2+H2O                              1.70E+18    0.0    29410.0
      Declared duplicate reaction...
  90. OH+C<=>H+CO                                    5.00E+13    0.0        0.0
  91. OH+CH<=>H+HCO                                  3.00E+13    0.0        0.0
  92. OH+CH2<=>H+CH2O                                2.00E+13    0.0        0.0
  93. OH+CH2<=>CH+H2O                                1.13E+07    2.0     3000.0
  94. OH+CH2(S)<=>H+CH2O                             3.00E+13    0.0        0.0
  95. OH+CH3(+M)<=>CH3OH(+M)                         2.79E+18   -1.4     1330.0
      Low pressure limit:  0.40000E+37 -0.59200E+01  0.31400E+04
      TROE centering:      0.41200E+00  0.19500E+03  0.59000E+04  0.63940E+04
      H2              Enhanced by    2.000E+00
      H2O             Enhanced by    6.000E+00
      CH4             Enhanced by    2.000E+00
      CO              Enhanced by    1.500E+00
      CO2             Enhanced by    2.000E+00
      C2H6            Enhanced by    3.000E+00
  96. OH+CH3<=>CH2+H2O                               5.60E+07    1.6     5420.0
  97. OH+CH3<=>CH2(S)+H2O                            6.44E+17   -1.3     1417.0
  98. OH+CH4<=>CH3+H2O                               1.00E+08    1.6     3120.0
  99. OH+CO<=>H+CO2                                  4.76E+07    1.2       70.0
 100. OH+HCO<=>H2O+CO                                5.00E+13    0.0        0.0
 101. OH+CH2O<=>HCO+H2O                              3.43E+09    1.2     -447.0
 102. OH+CH2OH<=>H2O+CH2O                            5.00E+12    0.0        0.0
 103. OH+CH3O<=>H2O+CH2O                             5.00E+12    0.0        0.0
 104. OH+CH3OH<=>CH2OH+H2O                           1.44E+06    2.0     -840.0
 105. OH+CH3OH<=>CH3O+H2O                            6.30E+06    2.0     1500.0
 106. OH+C2H<=>H+HCCO                                2.00E+13    0.0        0.0
 107. OH+C2H2<=>H+CH2CO                              2.18E-04    4.5    -1000.0
 108. OH+C2H2<=>H+HCCOH                              5.04E+05    2.3    13500.0
 109. OH+C2H2<=>C2H+H2O                              3.37E+07    2.0    14000.0
 110. OH+C2H2<=>CH3+CO                               4.83E-04    4.0    -2000.0
 111. OH+C2H3<=>H2O+C2H2                             5.00E+12    0.0        0.0
 112. OH+C2H4<=>C2H3+H2O                             3.60E+06    2.0     2500.0
 113. OH+C2H6<=>C2H5+H2O                             3.54E+06    2.1      870.0
 114. OH+CH2CO<=>HCCO+H2O                            7.50E+12    0.0     2000.0
 115. 2HO2<=>O2+H2O2                                 1.30E+11    0.0    -1630.0
      Declared duplicate reaction...
 116. 2HO2<=>O2+H2O2                                 4.20E+14    0.0    12000.0
      Declared duplicate reaction...
 117. HO2+CH2<=>OH+CH2O                              2.00E+13    0.0        0.0
 118. HO2+CH3<=>O2+CH4                               1.00E+12    0.0        0.0
 119. HO2+CH3<=>OH+CH3O                              3.78E+13    0.0        0.0
 120. HO2+CO<=>OH+CO2                                1.50E+14    0.0    23600.0
 121. HO2+CH2O<=>HCO+H2O2                            5.60E+06    2.0    12000.0
 122. C+O2<=>O+CO                                    5.80E+13    0.0      576.0
 123. C+CH2<=>H+C2H                                  5.00E+13    0.0        0.0
 124. C+CH3<=>H+C2H2                                 5.00E+13    0.0        0.0
 125. CH+O2<=>O+HCO                                  6.71E+13    0.0        0.0
 126. CH+H2<=>H+CH2                                  1.08E+14    0.0     3110.0
 127. CH+H2O<=>H+CH2O                                5.71E+12    0.0     -755.0
 128. CH+CH2<=>H+C2H2                                4.00E+13    0.0        0.0
 129. CH+CH3<=>H+C2H3                                3.00E+13    0.0        0.0
 130. CH+CH4<=>H+C2H4                                6.00E+13    0.0        0.0
 131. CH+CO(+M)<=>HCCO(+M)                           5.00E+13    0.0        0.0
      Low pressure limit:  0.26900E+29 -0.37400E+01  0.19360E+04
      TROE centering:      0.57570E+00  0.23700E+03  0.16520E+04  0.50690E+04
      H2              Enhanced by    2.000E+00
      H2O             Enhanced by    6.000E+00
      CH4             Enhanced by    2.000E+00
      CO              Enhanced by    1.500E+00
      CO2             Enhanced by    2.000E+00
      C2H6            Enhanced by    3.000E+00
      AR              Enhanced by    7.000E-01
 132. CH+CO2<=>HCO+CO                                1.90E+14    0.0    15792.0
 133. CH+CH2O<=>H+CH2CO                              9.46E+13    0.0     -515.0
 134. CH+HCCO<=>CO+C2H2                              5.00E+13    0.0        0.0
 135. CH2+O2=>OH+H+CO                                5.00E+12    0.0     1500.0
 136. CH2+H2<=>H+CH3                                 5.00E+05    2.0     7230.0
 137. 2CH2<=>H2+C2H2                                 1.60E+15    0.0    11944.0
 138. CH2+CH3<=>H+C2H4                               4.00E+13    0.0        0.0
 139. CH2+CH4<=>2CH3                                 2.46E+06    2.0     8270.0
 140. CH2+CO(+M)<=>CH2CO(+M)                         8.10E+11    0.5     4510.0
      Low pressure limit:  0.26900E+34 -0.51100E+01  0.70950E+04
      TROE centering:      0.59070E+00  0.27500E+03  0.12260E+04  0.51850E+04
      H2              Enhanced by    2.000E+00
      H2O             Enhanced by    6.000E+00
      CH4             Enhanced by    2.000E+00
      CO              Enhanced by    1.500E+00
      CO2             Enhanced by    2.000E+00
      C2H6            Enhanced by    3.000E+00
      AR              Enhanced by    7.000E-01
 141. CH2+HCCO<=>C2H3+CO                             3.00E+13    0.0        0.0
 142. CH2(S)+N2<=>CH2+N2                             1.50E+13    0.0      600.0
 143. CH2(S)+AR<=>CH2+AR                             9.00E+12    0.0      600.0
 144. CH2(S)+O2<=>H+OH+CO                            2.80E+13    0.0        0.0
 145. CH2(S)+O2<=>CO+H2O                             1.20E+13    0.0        0.0
 146. CH2(S)+H2<=>CH3+H                              7.00E+13    0.0        0.0
 147. CH2(S)+H2O(+M)<=>CH3OH(+M)                     4.82E+17   -1.2     1145.0
      Low pressure limit:  0.18800E+39 -0.63600E+01  0.50400E+04
      TROE centering:      0.60270E+00  0.20800E+03  0.39220E+04  0.10180E+05
      H2              Enhanced by    2.000E+00
      H2O             Enhanced by    6.000E+00
      CH4             Enhanced by    2.000E+00
      CO              Enhanced by    1.500E+00
      CO2             Enhanced by    2.000E+00
      C2H6            Enhanced by    3.000E+00
 148. CH2(S)+H2O<=>CH2+H2O                           3.00E+13    0.0        0.0
 149. CH2(S)+CH3<=>H+C2H4                            1.20E+13    0.0     -570.0
 150. CH2(S)+CH4<=>2CH3                              1.60E+13    0.0     -570.0
 151. CH2(S)+CO<=>CH2+CO                             9.00E+12    0.0        0.0
 152. CH2(S)+CO2<=>CH2+CO2                           7.00E+12    0.0        0.0
 153. CH2(S)+CO2<=>CO+CH2O                           1.40E+13    0.0        0.0
 154. CH2(S)+C2H6<=>CH3+C2H5                         4.00E+13    0.0     -550.0
 155. CH3+O2<=>O+CH3O                                3.56E+13    0.0    30480.0
 156. CH3+O2<=>OH+CH2O                               2.31E+12    0.0    20315.0
 157. CH3+H2O2<=>HO2+CH4                             2.45E+04    2.5     5180.0
 158. 2CH3(+M)<=>C2H6(+M)                            6.77E+16   -1.2      654.0
      Low pressure limit:  0.34000E+42 -0.70300E+01  0.27620E+04
      TROE centering:      0.61900E+00  0.73200E+02  0.11800E+04  0.99990E+04
      H2              Enhanced by    2.000E+00
      H2O             Enhanced by    6.000E+00
      CH4             Enhanced by    2.000E+00
      CO              Enhanced by    1.500E+00
      CO2             Enhanced by    2.000E+00
      C2H6            Enhanced by    3.000E+00
      AR              Enhanced by    7.000E-01
 159. 2CH3<=>H+C2H5                                  6.84E+12    0.1    10600.0
 160. CH3+HCO<=>CH4+CO                               2.65E+13    0.0        0.0
 161. CH3+CH2O<=>HCO+CH4                             3.32E+03    2.8     5860.0
 162. CH3+CH3OH<=>CH2OH+CH4                          3.00E+07    1.5     9940.0
 163. CH3+CH3OH<=>CH3O+CH4                           1.00E+07    1.5     9940.0
 164. CH3+C2H4<=>C2H3+CH4                            2.27E+05    2.0     9200.0
 165. CH3+C2H6<=>C2H5+CH4                            6.14E+06    1.7    10450.0
 166. HCO+H2O<=>H+CO+H2O                             1.50E+18   -1.0    17000.0
 167. HCO+M<=>H+CO+M                                 1.87E+17   -1.0    17000.0
      H2              Enhanced by    2.000E+00
      H2O             Enhanced by    0.000E+00
      CH4             Enhanced by    2.000E+00
      CO              Enhanced by    1.500E+00
      CO2             Enhanced by    2.000E+00
      C2H6            Enhanced by    3.000E+00
 168. HCO+O2<=>HO2+CO                                1.34E+13    0.0      400.0
 169. CH2OH+O2<=>HO2+CH2O                            1.80E+13    0.0      900.0
 170. CH3O+O2<=>HO2+CH2O                             4.28E-13    7.6    -3530.0
 171. C2H+O2<=>HCO+CO                                1.00E+13    0.0     -755.0
 172. C2H+H2<=>H+C2H2                                5.68E+10    0.9     1993.0
 173. C2H3+O2<=>HCO+CH2O                             4.58E+16   -1.4     1015.0
 174. C2H4(+M)<=>H2+C2H2(+M)                         8.00E+12    0.4    86770.0
      Low pressure limit:  0.15800E+52 -0.93000E+01  0.97800E+05
      TROE centering:      0.73450E+00  0.18000E+03  0.10350E+04  0.54170E+04
      H2              Enhanced by    2.000E+00
      H2O             Enhanced by    6.000E+00
      CH4             Enhanced by    2.000E+00
      CO              Enhanced by    1.500E+00
      CO2             Enhanced by    2.000E+00
      C2H6            Enhanced by    3.000E+00
      AR              Enhanced by    7.000E-01
 175. C2H5+O2<=>HO2+C2H4                             8.40E+11    0.0     3875.0
 176. HCCO+O2<=>OH+2CO                               3.20E+12    0.0      854.0
 177. 2HCCO<=>2CO+C2H2                               1.00E+13    0.0        0.0
 178. O+CH3=>H+H2+CO                                 3.37E+13    0.0        0.0
 179. O+C2H4<=>H+CH2CHO                              6.70E+06    1.8      220.0
 180. O+C2H5<=>H+CH3CHO                              1.10E+14    0.0        0.0
 181. OH+HO2<=>O2+H2O                                5.00E+15    0.0    17330.0
      Declared duplicate reaction...
 182. OH+CH3=>H2+CH2O                                8.00E+09    0.5    -1755.0
 183. CH+H2(+M)<=>CH3(+M)                            1.97E+12    0.4     -370.0
      Low pressure limit:  0.48200E+26 -0.28000E+01  0.59000E+03
      TROE centering:      0.57800E+00  0.12200E+03  0.25350E+04  0.93650E+04
      H2              Enhanced by    2.000E+00
      H2O             Enhanced by    6.000E+00
      CH4             Enhanced by    2.000E+00
      CO              Enhanced by    1.500E+00
      CO2             Enhanced by    2.000E+00
      C2H6            Enhanced by    3.000E+00
      AR              Enhanced by    7.000E-01
 184. CH2+O2=>2H+CO2                                 5.80E+12    0.0     1500.0
 185. CH2+O2<=>O+CH2O                                2.40E+12    0.0     1500.0
 186. CH2+CH2=>2H+C2H2                               2.00E+14    0.0    10989.0
 187. CH2(S)+H2O=>H2+CH2O                            6.82E+10    0.2     -935.0
 188. C2H3+O2<=>O+CH2CHO                             3.03E+11    0.3       11.0
 189. C2H3+O2<=>HO2+C2H2                             1.34E+06    1.6     -384.0
 190. O+CH3CHO<=>OH+CH2CHO                           2.92E+12    0.0     1808.0
 191. O+CH3CHO=>OH+CH3+CO                            2.92E+12    0.0     1808.0
 192. O2+CH3CHO=>HO2+CH3+CO                          3.01E+13    0.0    39150.0
 193. H+CH3CHO<=>CH2CHO+H2                           2.05E+09    1.2     2405.0
 194. H+CH3CHO=>CH3+H2+CO                            2.05E+09    1.2     2405.0
 195. OH+CH3CHO=>CH3+H2O+CO                          2.34E+10    0.7    -1113.0
 196. HO2+CH3CHO=>CH3+H2O2+CO                        3.01E+12    0.0    11923.0
 197. CH3+CH3CHO=>CH3+CH4+CO                         2.72E+06    1.8     5920.0
 198. H+CH2CO(+M)<=>CH2CHO(+M)                       4.86E+11    0.4    -1755.0
      Low pressure limit:  0.10120E+43 -0.76300E+01  0.38540E+04
      TROE centering:      0.46500E+00  0.20100E+03  0.17730E+04  0.53330E+04
      H2              Enhanced by    2.000E+00
      H2O             Enhanced by    6.000E+00
      CH4             Enhanced by    2.000E+00
      CO              Enhanced by    1.500E+00
      CO2             Enhanced by    2.000E+00
      C2H6            Enhanced by    3.000E+00
      AR              Enhanced by    7.000E-01
 199. O+CH2CHO=>H+CH2+CO2                            1.50E+14    0.0        0.0
 200. O2+CH2CHO=>OH+CO+CH2O                          1.81E+10    0.0        0.0
 201. O2+CH2CHO=>OH+2HCO                             2.35E+10    0.0        0.0
 202. H+CH2CHO<=>CH3+HCO                             2.20E+13    0.0        0.0
 203. H+CH2CHO<=>CH2CO+H2                            1.10E+13    0.0        0.0
 204. OH+CH2CHO<=>H2O+CH2CO                          1.20E+13    0.0        0.0
 205. OH+CH2CHO<=>HCO+CH2OH                          3.01E+13    0.0        0.0
 206. CH3+C2H5(+M)<=>C3H8(+M)                        9.43E+12    0.0        0.0
      Low pressure limit:  0.27100E+75 -0.16820E+02  0.13065E+05
      TROE centering:      0.15270E+00  0.29100E+03  0.27420E+04  0.77480E+04
      H2              Enhanced by    2.000E+00
      H2O             Enhanced by    6.000E+00
      CH4             Enhanced by    2.000E+00
      CO              Enhanced by    1.500E+00
      CO2             Enhanced by    2.000E+00
      C2H6            Enhanced by    3.000E+00
      AR              Enhanced by    7.000E-01
 207. O+C3H8<=>OH+C3H7                               1.93E+05    2.7     3716.0
 208. H+C3H8<=>C3H7+H2                               1.32E+06    2.5     6756.0
 209. OH+C3H8<=>C3H7+H2O                             3.16E+07    1.8      934.0
 210. C3H7+H2O2<=>HO2+C3H8                           3.78E+02    2.7     1500.0
 211. CH3+C3H8<=>C3H7+CH4                            9.03E-01    3.6     7154.0
 212. CH3+C2H4(+M)<=>C3H7(+M)                        2.55E+06    1.6     5700.0
      Low pressure limit:  0.30000E+64 -0.14600E+02  0.18170E+05
      TROE centering:      0.18940E+00  0.27700E+03  0.87480E+04  0.78910E+04
      H2              Enhanced by    2.000E+00
      H2O             Enhanced by    6.000E+00
      CH4             Enhanced by    2.000E+00
      CO              Enhanced by    1.500E+00
      CO2             Enhanced by    2.000E+00
      C2H6            Enhanced by    3.000E+00
      AR              Enhanced by    7.000E-01
 213. O+C3H7<=>C2H5+CH2O                             9.64E+13    0.0        0.0
 214. H+C3H7(+M)<=>C3H8(+M)                          3.61E+13    0.0        0.0
      Low pressure limit:  0.44200E+62 -0.13545E+02  0.11357E+05
      TROE centering:      0.31500E+00  0.36900E+03  0.32850E+04  0.66670E+04
      H2              Enhanced by    2.000E+00
      H2O             Enhanced by    6.000E+00
      CH4             Enhanced by    2.000E+00
      CO              Enhanced by    1.500E+00
      CO2             Enhanced by    2.000E+00
      C2H6            Enhanced by    3.000E+00
      AR              Enhanced by    7.000E-01
 215. H+C3H7<=>CH3+C2H5                              4.06E+06    2.2      890.0
 216. OH+C3H7<=>C2H5+CH2OH                           2.41E+13    0.0        0.0
 217. HO2+C3H7<=>O2+C3H8                             2.55E+10    0.3     -943.0
 218. HO2+C3H7=>OH+C2H5+CH2O                         2.41E+13    0.0        0.0
 219. CH3+C3H7<=>2C2H5                               1.93E+13   -0.3        0.0

 UNITS for the preceding reactions (unless otherwise noted):
       A units mole-cm-sec-K, E units cal/mole




 NO ERRORS FOUND ON INPUT: 
 ASCII Vers. 4.5.0 Chemkin linkfile chem.asc written.

 GAS PHASE WORKING SPACE REQUIREMENTS ARE
    INTEGER:      12996
    REAL:          4637
    CHARACTER:       42
